TN:
SF:src/app/helpers/api-error.ts
FN:5,ApiError
FNF:1
FNH:1
FNDA:6,ApiError
DA:1,1
DA:2,1
DA:3,1
DA:4,1
DA:5,1
DA:6,6
DA:7,6
DA:8,6
DA:9,6
DA:10,6
DA:11,1
LF:11
LH:11
BRDA:5,0,0,6
BRF:1
BRH:1
end_of_record
TN:
SF:src/app/helpers/either.ts
FN:6,Left
FN:10,isLeft
FN:14,isRight
FN:22,Right
FN:26,isLeft
FN:30,isRight
FN:35,left
FN:39,right
FNF:8
FNH:7
FNDA:4,Left
FNDA:4,isLeft
FNDA:0,isRight
FNDA:4,Right
FNDA:3,isLeft
FNDA:1,isRight
FNDA:4,left
FNDA:4,right
DA:1,1
DA:2,1
DA:3,1
DA:4,1
DA:5,1
DA:6,1
DA:7,4
DA:8,4
DA:9,1
DA:10,1
DA:11,4
DA:12,4
DA:13,1
DA:14,1
DA:15,0
DA:16,0
DA:17,1
DA:18,1
DA:19,1
DA:20,1
DA:21,1
DA:22,1
DA:23,4
DA:24,4
DA:25,1
DA:26,1
DA:27,3
DA:28,3
DA:29,1
DA:30,1
DA:31,1
DA:32,1
DA:33,1
DA:34,1
DA:35,1
DA:36,4
DA:37,4
DA:38,1
DA:39,1
DA:40,4
DA:41,4
LF:41
LH:39
BRDA:6,0,0,4
BRDA:10,1,0,4
BRDA:22,2,0,4
BRDA:26,3,0,3
BRDA:30,4,0,1
BRDA:35,5,0,4
BRDA:39,6,0,4
BRF:7
BRH:7
end_of_record
TN:
SF:src/app/helpers/env.ts
FNF:0
FNH:0
DA:1,1
DA:2,1
DA:3,1
DA:4,1
DA:5,1
DA:6,1
DA:7,1
DA:8,1
DA:9,1
LF:9
LH:9
BRF:0
BRH:0
end_of_record
TN:
SF:src/app/helpers/http.ts
FNF:0
FNH:0
DA:1,1
DA:2,1
DA:3,1
DA:4,1
DA:5,1
DA:6,1
DA:7,1
DA:8,1
DA:9,1
DA:10,1
DA:11,1
DA:12,1
DA:13,1
DA:14,1
DA:15,1
LF:15
LH:15
BRDA:1,0,0,1
BRF:1
BRH:1
end_of_record
TN:
SF:src/app/utils/auth-token-generator/jwt-auth-token-generator.ts
FN:6,getPayload
FN:11,validate
FN:15,generate
FNF:3
FNH:3
FNDA:1,getPayload
FNDA:2,validate
FNDA:1,generate
DA:1,1
DA:2,1
DA:3,1
DA:4,1
DA:5,1
DA:6,1
DA:7,1
DA:8,1
DA:9,1
DA:10,1
DA:11,1
DA:12,2
DA:13,2
DA:14,1
DA:15,1
DA:16,1
DA:17,1
DA:18,1
DA:19,1
DA:20,1
DA:21,1
DA:22,1
LF:22
LH:22
BRDA:6,0,0,1
BRDA:8,1,0,0
BRDA:11,2,0,2
BRDA:15,3,0,1
BRF:4
BRH:3
end_of_record
TN:
SF:src/app/utils/encrypter/argo-encrypter.ts
FN:5,compare
FN:9,encrypt
FNF:2
FNH:2
FNDA:2,compare
FNDA:1,encrypt
DA:1,1
DA:2,1
DA:3,1
DA:4,1
DA:5,1
DA:6,2
DA:7,2
DA:8,1
DA:9,1
DA:10,1
DA:11,1
DA:12,1
LF:12
LH:12
BRDA:5,0,0,2
BRDA:9,1,0,1
BRF:2
BRH:2
end_of_record
TN:
SF:src/modules/authentication/data/errors/authentication.ts
FNF:0
FNH:0
DA:1,1
DA:2,1
DA:3,1
LF:3
LH:3
BRF:0
BRH:0
end_of_record
TN:
SF:src/modules/authentication/data/usecases/sign-in-user.ts
FN:21,SignInUserUsecase
FN:27,execute
FNF:2
FNH:2
FNDA:1,SignInUserUsecase
FNDA:4,execute
DA:1,1
DA:2,1
DA:3,1
DA:4,1
DA:5,1
DA:6,1
DA:7,1
DA:8,1
DA:9,1
DA:10,1
DA:11,1
DA:12,1
DA:13,1
DA:14,1
DA:15,1
DA:16,1
DA:17,1
DA:18,1
DA:19,1
DA:20,1
DA:21,1
DA:22,1
DA:23,1
DA:24,1
DA:25,1
DA:26,1
DA:27,1
DA:28,4
DA:29,4
DA:30,4
DA:31,4
DA:32,4
DA:33,4
DA:34,1
DA:35,1
DA:36,1
DA:37,3
DA:38,3
DA:39,3
DA:40,3
DA:41,3
DA:42,3
DA:43,4
DA:44,1
DA:45,1
DA:46,1
DA:47,1
DA:48,1
DA:49,1
DA:50,2
DA:51,2
DA:52,2
DA:53,2
DA:54,2
DA:55,2
DA:56,4
DA:57,1
DA:58,1
DA:59,1
DA:60,1
DA:61,1
DA:62,1
DA:63,1
DA:64,1
DA:65,1
DA:66,1
DA:67,1
DA:68,1
DA:69,1
DA:70,1
DA:71,1
DA:72,1
DA:73,1
DA:74,1
DA:75,1
DA:76,1
DA:77,1
DA:78,1
DA:79,1
DA:80,1
DA:81,1
DA:82,1
DA:83,1
DA:84,1
DA:85,1
DA:86,1
LF:86
LH:86
BRDA:21,0,0,1
BRDA:27,1,0,4
BRDA:33,2,0,1
BRDA:37,3,0,3
BRDA:43,4,0,1
BRDA:50,5,0,2
BRDA:56,6,0,1
BRF:7
BRH:7
end_of_record
TN:
SF:src/modules/authentication/domain/entities/email.ts
FN:7,EmailEntity
FN:9,create
FNF:2
FNH:2
FNDA:3,EmailEntity
FNDA:4,create
DA:1,1
DA:2,1
DA:3,1
DA:4,1
DA:5,1
DA:6,1
DA:7,1
DA:8,1
DA:9,1
DA:10,4
DA:11,4
DA:12,4
DA:13,4
DA:14,4
DA:15,1
DA:16,1
DA:17,1
DA:18,1
DA:19,1
DA:20,1
DA:21,3
DA:22,3
DA:23,3
DA:24,3
DA:25,1
LF:25
LH:25
BRDA:7,0,0,3
BRDA:9,1,0,4
BRDA:14,2,0,1
BRDA:21,3,0,3
BRF:4
BRH:4
end_of_record
TN:
SF:src/modules/authentication/domain/errors/invalid-email.ts
FNF:0
FNH:0
DA:1,1
DA:2,1
DA:3,1
LF:3
LH:3
BRF:0
BRH:0
end_of_record
