TN:
SF:src/app/utils/auth-token-generator/jwt-auth-token-generator.ts
FN:6,getPayload
FN:11,validate
FN:15,generate
FNF:3
FNH:1
FNDA:1,getPayload
FNDA:0,validate
FNDA:0,generate
DA:1,1
DA:2,1
DA:3,1
DA:4,1
DA:5,1
DA:6,1
DA:7,1
DA:8,1
DA:9,1
DA:10,1
DA:11,1
DA:12,0
DA:13,0
DA:14,1
DA:15,1
DA:16,0
DA:17,0
DA:18,0
DA:19,0
DA:20,0
DA:21,0
DA:22,1
LF:22
LH:14
BRDA:6,0,0,1
BRF:1
BRH:1
end_of_record
TN:
SF:src/app/utils/encrypter/argo-encrypter.ts
FN:5,compare
FN:9,encrypt
FNF:2
FNH:2
FNDA:2,compare
FNDA:1,encrypt
DA:1,1
DA:2,1
DA:3,1
DA:4,1
DA:5,1
DA:6,2
DA:7,2
DA:8,1
DA:9,1
DA:10,1
DA:11,1
DA:12,1
LF:12
LH:12
BRDA:5,0,0,2
BRDA:9,1,0,1
BRF:2
BRH:2
end_of_record
